# JRE version: OpenJDK Runtime Environment Temurin-25.0.2+10 (25.0.2+10) (build 25.0.2+10-LTS)
# Java VM: OpenJDK 64-Bit Server VM Temurin-25.0.2+10 (25.0.2+10-LTS, mixed mode, sharing, tiered, compressed oops, compressed class ptrs, parallel gc, windows-amd64)
GC Precious Log:
 CardTable entry size: 512
 CPUs: 14 total, 14 available
 Memory: 64980M
 Large Page Support: Disabled
 NUMA Support: Disabled
 Compressed Oops: Enabled (32-bit)
 Alignments: Space 512K, Generation 512K, Heap 2M
 Heap Min Capacity: 100M
 Heap Initial Capacity: 100M
 Heap Max Capacity: 2G
 Pre-touch: Disabled
 Parallel Workers: 11
Heap:
 PSYoungGen      total 32256K, used 3937K [0x00000000d5580000, 0x00000000d7880000, 0x0000000100000000)
  eden space 31232K, 9% used [0x00000000d5580000,0x00000000d5883870,0x00000000d7400000)
  from space 1024K, 83% used [0x00000000d7580000,0x00000000d7654c10,0x00000000d7680000)
  to   space 1536K, 0% used [0x00000000d7700000,0x00000000d7700000,0x00000000d7880000)
 ParOldGen       total 400384K, used 90626K [0x0000000080000000, 0x0000000098700000, 0x00000000d5580000)
  object space 400384K, 22% used [0x0000000080000000,0x00000000858808d0,0x0000000098700000)
GC Heap Usage History (20 events):
Event: 8992.938 {heap Before GC invocations=160 (full 3):
 PSYoungGen      total 33792K, used 33460K [0x00000000d5580000, 0x00000000d8100000, 0x0000000100000000)
  eden space 32256K, 100% used [0x00000000d5580000,0x00000000d7500000,0x00000000d7500000)
  from space 1536K, 78% used [0x00000000d7f80000,0x00000000d80ad280,0x00000000d8100000)
  to   space 1536K, 0% used [0x00000000d7e00000,0x00000000d7e00000,0x00000000d7f80000)
 ParOldGen       total 400384K, used 342428K [0x0000000080000000, 0x0000000098700000, 0x00000000d558Event: 8992.943 {heap After GC invocations=160 (full 3):
 PSYoungGen      total 33280K, used 1514K [0x00000000d5580000, 0x00000000d8280000, 0x0000000100000000)
  eden space 31744K, 0% used [0x00000000d5580000,0x00000000d5580000,0x00000000d7480000)
  from space 1536K, 98% used [0x00000000d7e00000,0x00000000d7f7aaa0,0x00000000d7f80000)
  to   space 3072K, 0% used [0x00000000d7f80000,0x00000000d7f80000,0x00000000d8280000)
 ParOldGen       total 400384K, used 346897K [0x0000000080000000, 0x0000000098700000, 0x00000000d5580000Event: 8993.139 {heap Before GC invocations=161 (full 3):
 PSYoungGen      total 33280K, used 22756K [0x00000000d5580000, 0x00000000d8280000, 0x0000000100000000)
  eden space 31744K, 66% used [0x00000000d5580000,0x00000000d6a3e8c0,0x00000000d7480000)
  from space 1536K, 98% used [0x00000000d7e00000,0x00000000d7f7aaa0,0x00000000d7f80000)
  to   space 3072K, 0% used [0x00000000d7f80000,0x00000000d7f80000,0x00000000d8280000)
 ParOldGen       total 400384K, used 346897K [0x0000000080000000, 0x0000000098700000, 0x00000000d5580Event: 8993.144 {heap After GC invocations=161 (full 3):
 PSYoungGen      total 28672K, used 3060K [0x00000000d5580000, 0x00000000d9600000, 0x0000000100000000)
  eden space 25600K, 0% used [0x00000000d5580000,0x00000000d5580000,0x00000000d6e80000)
  from space 3072K, 99% used [0x00000000d7f80000,0x00000000d827d020,0x00000000d8280000)
  to   space 17408K, 0% used [0x00000000d6e80000,0x00000000d6e80000,0x00000000d7f80000)
 ParOldGen       total 400384K, used 359049K [0x0000000080000000, 0x0000000098700000, 0x00000000d558000Event: 8993.202 {heap Before GC invocations=162 (full 3):
 PSYoungGen      total 28672K, used 28660K [0x00000000d5580000, 0x00000000d9600000, 0x0000000100000000)
  eden space 25600K, 100% used [0x00000000d5580000,0x00000000d6e80000,0x00000000d6e80000)
  from space 3072K, 99% used [0x00000000d7f80000,0x00000000d827d020,0x00000000d8280000)
  to   space 17408K, 0% used [0x00000000d6e80000,0x00000000d6e80000,0x00000000d7f80000)
 ParOldGen       total 400384K, used 359049K [0x0000000080000000, 0x0000000098700000, 0x00000000d55Event: 8993.206 {heap After GC invocations=162 (full 3):
 PSYoungGen      total 27136K, used 1835K [0x00000000d5580000, 0x00000000d8000000, 0x0000000100000000)
  eden space 25088K, 0% used [0x00000000d5580000,0x00000000d5580000,0x00000000d6e00000)
  from space 2048K, 89% used [0x00000000d6e80000,0x00000000d704afa0,0x00000000d7080000)
  to   space 7168K, 0% used [0x00000000d7900000,0x00000000d7900000,0x00000000d8000000)
 ParOldGen       total 400384K, used 362069K [0x0000000080000000, 0x0000000098700000, 0x00000000d5580000Event: 9636.349 {heap Before GC invocations=163 (full 3):
 PSYoungGen      total 27136K, used 26923K [0x00000000d5580000, 0x00000000d8000000, 0x0000000100000000)
  eden space 25088K, 100% used [0x00000000d5580000,0x00000000d6e00000,0x00000000d6e00000)
  from space 2048K, 89% used [0x00000000d6e80000,0x00000000d704afa0,0x00000000d7080000)
  to   space 7168K, 0% used [0x00000000d7900000,0x00000000d7900000,0x00000000d8000000)
 ParOldGen       total 400384K, used 362069K [0x0000000080000000, 0x0000000098700000, 0x00000000d558Event: 9636.356 {heap After GC invocations=163 (full 3):
 PSYoungGen      total 31232K, used 6208K [0x00000000d5580000, 0x00000000d7f80000, 0x0000000100000000)
  eden space 24576K, 0% used [0x00000000d5580000,0x00000000d5580000,0x00000000d6d80000)
  from space 6656K, 93% used [0x00000000d7900000,0x00000000d7f10050,0x00000000d7f80000)
  to   space 7168K, 0% used [0x00000000d7180000,0x00000000d7180000,0x00000000d7880000)
 ParOldGen       total 400384K, used 363729K [0x0000000080000000, 0x0000000098700000, 0x00000000d5580000Event: 10792.010 {heap Before GC invocations=164 (full 3):
 PSYoungGen      total 31232K, used 30784K [0x00000000d5580000, 0x00000000d7f80000, 0x0000000100000000)
  eden space 24576K, 100% used [0x00000000d5580000,0x00000000d6d80000,0x00000000d6d80000)
  from space 6656K, 93% used [0x00000000d7900000,0x00000000d7f10050,0x00000000d7f80000)
  to   space 7168K, 0% used [0x00000000d7180000,0x00000000d7180000,0x00000000d7880000)
 ParOldGen       total 400384K, used 363729K [0x0000000080000000, 0x0000000098700000, 0x00000000d558Event: 10792.026 {heap After GC invocations=164 (full 3):
 PSYoungGen      total 29184K, used 465K [0x00000000d5580000, 0x00000000d7980000, 0x0000000100000000)
  eden space 28672K, 0% used [0x00000000d5580000,0x00000000d5580000,0x00000000d7180000)
  from space 512K, 91% used [0x00000000d7180000,0x00000000d71f47e0,0x00000000d7200000)
  to   space 3072K, 0% used [0x00000000d7680000,0x00000000d7680000,0x00000000d7980000)
 ParOldGen       total 400384K, used 369633K [0x0000000080000000, 0x0000000098700000, 0x00000000d5580000)
Event: 12815.172 {heap Before GC invocations=165 (full 3):
 PSYoungGen      total 29184K, used 29137K [0x00000000d5580000, 0x00000000d7980000, 0x0000000100000000)
  eden space 28672K, 100% used [0x00000000d5580000,0x00000000d7180000,0x00000000d7180000)
  from space 512K, 91% used [0x00000000d7180000,0x00000000d71f47e0,0x00000000d7200000)
  to   space 3072K, 0% used [0x00000000d7680000,0x00000000d7680000,0x00000000d7980000)
 ParOldGen       total 400384K, used 369633K [0x0000000080000000, 0x0000000098700000, 0x00000000d5580Event: 12815.174 {heap After GC invocations=165 (full 3):
 PSYoungGen      total 33792K, used 760K [0x00000000d5580000, 0x00000000d7780000, 0x0000000100000000)
  eden space 32768K, 0% used [0x00000000d5580000,0x00000000d5580000,0x00000000d7580000)
  from space 1024K, 74% used [0x00000000d7680000,0x00000000d773e1f8,0x00000000d7780000)
  to   space 1024K, 0% used [0x00000000d7580000,0x00000000d7580000,0x00000000d7680000)
 ParOldGen       total 400384K, used 369804K [0x0000000080000000, 0x0000000098700000, 0x00000000d5580000)Event: 12815.319 {heap Before GC invocations=166 (full 4):
 PSYoungGen      total 33792K, used 12803K [0x00000000d5580000, 0x00000000d7780000, 0x0000000100000000)
  eden space 32768K, 36% used [0x00000000d5580000,0x00000000d6142aa0,0x00000000d7580000)
  from space 1024K, 74% used [0x00000000d7680000,0x00000000d773e1f8,0x00000000d7780000)
  to   space 1024K, 0% used [0x00000000d7580000,0x00000000d7580000,0x00000000d7680000)
 ParOldGen       total 400384K, used 369804K [0x0000000080000000, 0x0000000098700000, 0x00000000d5580Event: 12815.413 {heap After GC invocations=166 (full 4):
 PSYoungGen      total 33792K, used 0K [0x00000000d5580000, 0x00000000d7780000, 0x0000000100000000)
  eden space 32768K, 0% used [0x00000000d5580000,0x00000000d5580000,0x00000000d7580000)
  from space 1024K, 0% used [0x00000000d7680000,0x00000000d7680000,0x00000000d7780000)
  to   space 1024K, 0% used [0x00000000d7580000,0x00000000d7580000,0x00000000d7680000)
 ParOldGen       total 400384K, used 86939K [0x0000000080000000, 0x0000000098700000, 0x00000000d5580000)
  oEvent: 12815.809 {heap Before GC invocations=167 (full 4):
 PSYoungGen      total 33792K, used 32768K [0x00000000d5580000, 0x00000000d7780000, 0x0000000100000000)
  eden space 32768K, 100% used [0x00000000d5580000,0x00000000d7580000,0x00000000d7580000)
  from space 1024K, 0% used [0x00000000d7680000,0x00000000d7680000,0x00000000d7780000)
  to   space 1024K, 0% used [0x00000000d7580000,0x00000000d7580000,0x00000000d7680000)
 ParOldGen       total 400384K, used 86939K [0x0000000080000000, 0x0000000098700000, 0x00000000d55800Event: 12815.812 {heap After GC invocations=167 (full 4):
 PSYoungGen      total 33280K, used 1003K [0x00000000d5580000, 0x00000000d7b00000, 0x0000000100000000)
  eden space 32256K, 0% used [0x00000000d5580000,0x00000000d5580000,0x00000000d7500000)
  from space 1024K, 97% used [0x00000000d7580000,0x00000000d767ad30,0x00000000d7680000)
  to   space 3072K, 0% used [0x00000000d7800000,0x00000000d7800000,0x00000000d7b00000)
 ParOldGen       total 400384K, used 88448K [0x0000000080000000, 0x0000000098700000, 0x00000000d5580000)Event: 12846.884 {heap Before GC invocations=168 (full 4):
 PSYoungGen      total 33280K, used 33259K [0x00000000d5580000, 0x00000000d7b00000, 0x0000000100000000)
  eden space 32256K, 100% used [0x00000000d5580000,0x00000000d7500000,0x00000000d7500000)
  from space 1024K, 97% used [0x00000000d7580000,0x00000000d767ad30,0x00000000d7680000)
  to   space 3072K, 0% used [0x00000000d7800000,0x00000000d7800000,0x00000000d7b00000)
 ParOldGen       total 400384K, used 88448K [0x0000000080000000, 0x0000000098700000, 0x00000000d5580Event: 12846.886 {heap After GC invocations=168 (full 4):
 PSYoungGen      total 33280K, used 1264K [0x00000000d5580000, 0x00000000d7980000, 0x0000000100000000)
  eden space 31744K, 0% used [0x00000000d5580000,0x00000000d5580000,0x00000000d7480000)
  from space 1536K, 82% used [0x00000000d7800000,0x00000000d793c010,0x00000000d7980000)
  to   space 2048K, 0% used [0x00000000d7580000,0x00000000d7580000,0x00000000d7780000)
 ParOldGen       total 400384K, used 89474K [0x0000000080000000, 0x0000000098700000, 0x00000000d5580000)Event: 12846.941 {heap Before GC invocations=169 (full 4):
 PSYoungGen      total 33280K, used 33004K [0x00000000d5580000, 0x00000000d7980000, 0x0000000100000000)
  eden space 31744K, 99% used [0x00000000d5580000,0x00000000d747f230,0x00000000d7480000)
  from space 1536K, 82% used [0x00000000d7800000,0x00000000d793c010,0x00000000d7980000)
  to   space 2048K, 0% used [0x00000000d7580000,0x00000000d7580000,0x00000000d7780000)
 ParOldGen       total 400384K, used 89474K [0x0000000080000000, 0x0000000098700000, 0x00000000d55800Event: 12846.943 {heap After GC invocations=169 (full 4):
 PSYoungGen      total 32256K, used 851K [0x00000000d5580000, 0x00000000d7880000, 0x0000000100000000)
  eden space 31232K, 0% used [0x00000000d5580000,0x00000000d5580000,0x00000000d7400000)
  from space 1024K, 83% used [0x00000000d7580000,0x00000000d7654c10,0x00000000d7680000)
  to   space 1536K, 0% used [0x00000000d7700000,0x00000000d7700000,0x00000000d7880000)
 ParOldGen       total 400384K, used 90626K [0x0000000080000000, 0x0000000098700000, 0x00000000d5580000)

